<?xml version="1.0" encoding="UTF-8"?>
<!-- Generated by org.testng.reporters.JUnitXMLReporter -->
<testsuite hostname="CN00203209" name="Grat SV Node Warm Restart suite" tests="1" failures="0" timestamp="7 Dec 2015 07:27:19 GMT" time="52.364" errors="0">
  <testcase name="nodeRestartTestForProduct" time="50.763" classname="com.ericsson.msran.test.grat.configsv.NodeRestartTestProductSV">
    <skipped/>
  </testcase> <!-- nodeRestartTestForProduct -->
</testsuite> <!-- Grat SV Node Warm Restart suite -->
