<?xml version="1.0" encoding="UTF-8"?>
<!-- Generated by org.testng.reporters.JUnitXMLReporter -->
<testsuite hostname="CN00203209" name="Grat SV MaximunLoad Traffic suite" tests="1" failures="0" timestamp="7 Dec 2015 07:32:17 GMT" time="6.972" errors="0">
  <testcase name="maximumLoadTrafficTest" time="5.555" classname="com.ericsson.msran.test.grat.configsv.MaximumLoadTrafficTestProductSV">
    <skipped/>
  </testcase> <!-- maximumLoadTrafficTest -->
</testsuite> <!-- Grat SV MaximunLoad Traffic suite -->
