<?xml version="1.0" encoding="UTF-8"?>
<!-- Generated by org.testng.reporters.JUnitReportReporter -->
<testsuite hostname="CN00203209" name="com.ericsson.msran.test.grat.configsv.NodeRestartTestProductSV" tests="1" failures="0" timestamp="7 Dec 2015 07:27:20 GMT" time="50.763" errors="1">
  <testcase name="nodeRestartTestForProduct" time="50.763" classname="com.ericsson.msran.test.grat.configsv.NodeRestartTestProductSV">
    <error type="org.testng.SkipException" message="java.lang.RuntimeException: java.lang.NumberFormatException: For input string: &quot;&quot;">
      <![CDATA[org.testng.SkipException: java.lang.RuntimeException: java.lang.NumberFormatException: For input string: ""
	at com.ericsson.msran.jcat.ListenerHandler.beforeInvocation(ListenerHandler.java:306)
	at com.ericsson.msran.jcat.MsranTestNgListener.beforeInvocation(MsranTestNgListener.java:185)
	at org.testng.internal.invokers.InvokedMethodListenerInvoker$InvokeBeforeInvocationWithoutContextStrategy.callMethod(InvokedMethodListenerInvoker.java:84)
	at org.testng.internal.invokers.InvokedMethodListenerInvoker.invokeListener(InvokedMethodListenerInvoker.java:62)
	at org.testng.internal.Invoker.runInvokedMethodListeners(Invoker.java:552)
	at org.testng.internal.Invoker.invokeMethod(Invoker.java:617)
	at org.testng.internal.Invoker.invokeTestMethod(Invoker.java:821)
	at org.testng.internal.Invoker.invokeTestMethods(Invoker.java:1131)
	at org.testng.internal.TestMethodWorker.invokeTestMethods(TestMethodWorker.java:124)
	at org.testng.internal.TestMethodWorker.run(TestMethodWorker.java:108)
	at org.testng.TestRunner.privateRun(TestRunner.java:773)
	at org.testng.TestRunner.run(TestRunner.java:623)
	at org.testng.SuiteRunner.runTest(SuiteRunner.java:357)
	at org.testng.SuiteRunner.runSequentially(SuiteRunner.java:352)
	at org.testng.SuiteRunner.privateRun(SuiteRunner.java:310)
	at org.testng.SuiteRunner.run(SuiteRunner.java:259)
	at org.testng.SuiteRunnerWorker.runSuite(SuiteRunnerWorker.java:52)
	at org.testng.SuiteRunnerWorker.run(SuiteRunnerWorker.java:86)
	at org.testng.TestNG.runSuitesSequentially(TestNG.java:1185)
	at org.testng.TestNG.runSuitesLocally(TestNG.java:1110)
	at org.testng.TestNG.run(TestNG.java:1018)
	at org.testng.remote.RemoteTestNG.run(RemoteTestNG.java:111)
	at org.testng.remote.RemoteTestNG.initAndRun(RemoteTestNG.java:204)
	at org.testng.remote.RemoteTestNG.main(RemoteTestNG.java:175)
Caused by: java.lang.RuntimeException: java.lang.NumberFormatException: For input string: ""
	at se.ericsson.jcat.fw.fixture.testng.JcatNGTestListener.beforeInvocation(JcatNGTestListener.java:97)
	at com.ericsson.msran.jcat.ListenerHandler.beforeInvocation(ListenerHandler.java:300)
	... 23 more
Caused by: java.lang.NumberFormatException: For input string: ""
	at java.lang.NumberFormatException.forInputString(NumberFormatException.java:65)
	at java.lang.Integer.parseInt(Integer.java:592)
	at java.lang.Integer.valueOf(Integer.java:766)
	at com.ericsson.commonlibrary.resourcemanager.resourcedata.tass.AbiscoResourceTass.getPort(AbiscoResourceTass.java:32)
	at sun.reflect.NativeMethodAccessorImpl.invoke0(Native Method)
	at sun.reflect.NativeMethodAccessorImpl.invoke(NativeMethodAccessorImpl.java:62)
	at sun.reflect.DelegatingMethodAccessorImpl.invoke(DelegatingMethodAccessorImpl.java:43)
	at java.lang.reflect.Method.invoke(Method.java:497)
	at com.ericsson.commonlibrary.proxy.Util.invokeMethodWithSignature(Util.java:51)
	at com.ericsson.commonlibrary.proxy.InterceptorDelegator.intercept(InterceptorDelegator.java:46)
	at sun.reflect.GeneratedMethodAccessor16.invoke(Unknown Source)
	at sun.reflect.DelegatingMethodAccessorImpl.invoke(DelegatingMethodAccessorImpl.java:43)
	at java.lang.reflect.Method.invoke(Method.java:497)
	at com.ericsson.commonlibrary.proxy.Invocation.invoke(Invocation.java:132)
	at com.ericsson.commonlibrary.cf.ReturnValueAnnotationAdapter.getReturnedValueOrDefaultValue(ReturnValueAnnotationAdapter.java:109)
	at com.ericsson.commonlibrary.cf.ReturnValueAnnotationAdapter.invoke(ReturnValueAnnotationAdapter.java:31)
	at com.ericsson.commonlibrary.cf.ReturnValueAnnotationAdapter.handleAnyNonRelation(ReturnValueAnnotationAdapter.java:46)
	at com.ericsson.commonlibrary.cf.AbstractDecorationAdapter$InterceptorDecoration.intercept(AbstractDecorationAdapter.java:191)
	at sun.reflect.GeneratedMethodAccessor16.invoke(Unknown Source)
	at sun.reflect.DelegatingMethodAccessorImpl.invoke(DelegatingMethodAccessorImpl.java:43)
	at java.lang.reflect.Method.invoke(Method.java:497)
	at com.ericsson.commonlibrary.proxy.Invocation.invoke(Invocation.java:132)
	at com.ericsson.commonlibrary.proxy.Util.createAndExecuteInvocation(Util.java:341)
	at com.ericsson.commonlibrary.proxy.InterceptableProxyFactory$JavassistInterceptorMethodHandler.invoke(InterceptableProxyFactory.java:336)
	at com.ericsson.commonlibrary.resourcemanager.resourcedata.tass.AbiscoResourceTass_$$_javassist_8.getPort(AbiscoResourceTass_$$_javassist_8.java)
	at com.ericsson.commonlibrary.resourcemanager.Abisco.getAbiscoClient(Abisco.java:59)
	at sun.reflect.NativeMethodAccessorImpl.invoke0(Native Method)
	at sun.reflect.NativeMethodAccessorImpl.invoke(NativeMethodAccessorImpl.java:62)
	at sun.reflect.DelegatingMethodAccessorImpl.invoke(DelegatingMethodAccessorImpl.java:43)
	at java.lang.reflect.Method.invoke(Method.java:497)
	at com.ericsson.commonlibrary.proxy.Util.invokeMethodWithSignature(Util.java:51)
	at com.ericsson.commonlibrary.proxy.InterceptorDelegator.intercept(InterceptorDelegator.java:46)
	at sun.reflect.GeneratedMethodAccessor16.invoke(Unknown Source)
	at sun.reflect.DelegatingMethodAccessorImpl.invoke(DelegatingMethodAccessorImpl.java:43)
	at java.lang.reflect.Method.invoke(Method.java:497)
	at com.ericsson.commonlibrary.proxy.Invocation.invoke(Invocation.java:132)
	at com.ericsson.commonlibrary.proxy.InterceptorMdc.intercept(InterceptorMdc.java:25)
	at sun.reflect.GeneratedMethodAccessor16.invoke(Unknown Source)
	at sun.reflect.DelegatingMethodAccessorImpl.invoke(DelegatingMethodAccessorImpl.java:43)
	at java.lang.reflect.Method.invoke(Method.java:497)
	at com.ericsson.commonlibrary.proxy.Invocation.invoke(Invocation.java:132)
	at com.ericsson.commonlibrary.proxy.Util.createAndExecuteInvocation(Util.java:341)
	at com.ericsson.commonlibrary.proxy.InterceptableProxyFactory$JavassistInterceptorMethodHandler.invoke(InterceptableProxyFactory.java:336)
	at com.ericsson.commonlibrary.resourcemanager.Abisco_$$_javassist_32.getAbiscoClient(Abisco_$$_javassist_32.java)
	at com.ericsson.msran.test.grat.testhelpers.AbiscoVersionHelper.internalGetAbiscoClient(AbiscoVersionHelper.java:71)
	at com.ericsson.msran.test.grat.testhelpers.AbiscoVersionHelper.<init>(AbiscoVersionHelper.java:45)
	at com.ericsson.msran.test.grat.testhelpers.AbisHelper.<init>(AbisHelper.java:179)
	at com.ericsson.msran.test.grat.configsv.NodeRestartTestProductSV.setup(NodeRestartTestProductSV.java:133)
	at sun.reflect.NativeMethodAccessorImpl.invoke0(Native Method)
	at sun.reflect.NativeMethodAccessorImpl.invoke(NativeMethodAccessorImpl.java:62)
	at sun.reflect.DelegatingMethodAccessorImpl.invoke(DelegatingMethodAccessorImpl.java:43)
	at java.lang.reflect.Method.invoke(Method.java:497)
	at se.ericsson.jcat.fw.fixture.testng.JcatNGTestListener.beforeInvocation(JcatNGTestListener.java:82)
	... 24 more
]]>
    </error>
  </testcase> <!-- nodeRestartTestForProduct -->
</testsuite> <!-- com.ericsson.msran.test.grat.configsv.NodeRestartTestProductSV -->
